This file contains any messages produced by compilers while
running configure, to aid debugging if configure makes a mistake.

It was created by b2 configure 2015.06.01.dev, which was
generated by GNU Autoconf 2.69.  Invocation command line was

  $ ./configure 

## --------- ##
## Platform. ##
## --------- ##

hostname = WT104931.local
uname -m = x86_64
uname -r = 13.4.0
uname -s = Darwin
uname -v = Darwin Kernel Version 13.4.0: Wed Mar 18 16:20:14 PDT 2015; root:xnu-2422.115.14~1/RELEASE_X86_64

/usr/bin/uname -p = i386
/bin/uname -X     = unknown

/bin/arch              = unknown
/usr/bin/arch -k       = unknown
/usr/convex/getsysinfo = unknown
/usr/bin/hostinfo      = Mach kernel version:
	 Darwin Kernel Version 13.4.0: Wed Mar 18 16:20:14 PDT 2015; root:xnu-2422.115.14~1/RELEASE_X86_64
Kernel configured for up to 8 processors.
4 processors are physically available.
8 processors are logically available.
Processor type: i486 (Intel 80486)
Processors active: 0 1 2 3 4 5 6 7
Primary memory available: 16.00 gigabytes
Default processor set: 251 tasks, 1900 threads, 8 processors
Load average: 1.24, Mach factor: 6.75
/bin/machine           = unknown
/usr/bin/oslevel       = unknown
/bin/universe          = unknown

PATH: /Applications/FEniCS.app/Contents/Resources/bin
PATH: /usr/bin
PATH: /bin
PATH: /usr/sbin
PATH: /sbin
PATH: /usr/local/bin
PATH: /opt/X11/bin
PATH: /usr/texbin


## ----------- ##
## Core tests. ##
## ----------- ##

configure:2465: checking for a BSD-compatible install
configure:2533: result: /usr/bin/install -c
configure:2544: checking whether build environment is sane
configure:2599: result: yes
configure:2750: checking for a thread-safe mkdir -p
configure:2789: result: config/install-sh -c -d
configure:2796: checking for gawk
configure:2826: result: no
configure:2796: checking for mawk
configure:2826: result: no
configure:2796: checking for nawk
configure:2826: result: no
configure:2796: checking for awk
configure:2812: found /usr/bin/awk
configure:2823: result: awk
configure:2834: checking whether make sets $(MAKE)
configure:2856: result: yes
configure:2885: checking whether make supports nested variables
configure:2902: result: yes
configure:3059: checking for style of include used by make
configure:3087: result: GNU
configure:3222: checking for C++ compiler version
configure:3231: /usr/bin/g++ --version >&5
Apple LLVM version 6.0 (clang-600.0.56) (based on LLVM 3.5svn)
Target: x86_64-apple-darwin13.4.0
Thread model: posix
Configured with: --prefix=/Applications/Xcode.app/Contents/Developer/usr --with-gxx-include-dir=/usr/include/c++/4.2.1
configure:3242: $? = 0
configure:3231: /usr/bin/g++ -v >&5
Configured with: --prefix=/Applications/Xcode.app/Contents/Developer/usr --with-gxx-include-dir=/usr/include/c++/4.2.1
Apple LLVM version 6.0 (clang-600.0.56) (based on LLVM 3.5svn)
Target: x86_64-apple-darwin13.4.0
Thread model: posix
configure:3242: $? = 0
configure:3231: /usr/bin/g++ -V >&5
clang: error: argument to '-V' is missing (expected 1 value)
clang: error: no input files
configure:3242: $? = 1
configure:3231: /usr/bin/g++ -qversion >&5
clang: error: unknown argument: '-qversion'
clang: error: no input files
configure:3242: $? = 1
configure:3262: checking whether the C++ compiler works
configure:3284: /usr/bin/g++    conftest.cpp  >&5
configure:3288: $? = 0
configure:3336: result: yes
configure:3339: checking for C++ compiler default output file name
configure:3341: result: a.out
configure:3347: checking for suffix of executables
configure:3354: /usr/bin/g++ -o conftest    conftest.cpp  >&5
configure:3358: $? = 0
configure:3380: result: 
configure:3402: checking whether we are cross compiling
configure:3410: /usr/bin/g++ -o conftest    conftest.cpp  >&5
configure:3414: $? = 0
configure:3421: ./conftest
configure:3425: $? = 0
configure:3440: result: no
configure:3445: checking for suffix of object files
configure:3467: /usr/bin/g++ -c   conftest.cpp >&5
configure:3471: $? = 0
configure:3492: result: o
configure:3496: checking whether we are using the GNU C++ compiler
configure:3515: /usr/bin/g++ -c   conftest.cpp >&5
configure:3515: $? = 0
configure:3524: result: yes
configure:3533: checking whether /usr/bin/g++ accepts -g
configure:3553: /usr/bin/g++ -c -g  conftest.cpp >&5
configure:3553: $? = 0
configure:3594: result: yes
configure:3619: checking dependency style of /usr/bin/g++
configure:3730: result: gcc3
configure:3753: checking whether /usr/bin/g++ supports C++14 features by default
configure:3784: /usr/bin/g++ -c -g -O2  conftest.cpp >&5
conftest.cpp:15:21: error: expected parameter declarator
      static_assert(sizeof(int) <= sizeof(T), "not big enough");
                    ^
conftest.cpp:15:21: error: expected ')'
conftest.cpp:15:20: note: to match this '('
      static_assert(sizeof(int) <= sizeof(T), "not big enough");
                   ^
conftest.cpp:15:7: error: C++ requires a type specifier for all declarations
      static_assert(sizeof(int) <= sizeof(T), "not big enough");
      ^~~~~~~~~~~~~
conftest.cpp:18:29: error: a space is required between consecutive right angle brackets (use '> >')
    typedef check<check<bool>> right_angle_brackets;
                            ^~
                            > >
conftest.cpp:21:5: error: unknown type name 'decltype'
    decltype(a) b;
    ^
conftest.cpp:21:16: error: expected ';' after top level declarator
    decltype(a) b;
               ^
               ;
conftest.cpp:25:15: warning: rvalue references are a C++11 extension [-Wc++11-extensions]
    check_type&& cr = static_cast<check_type&&>(c);
              ^
conftest.cpp:25:45: warning: rvalue references are a C++11 extension [-Wc++11-extensions]
    check_type&& cr = static_cast<check_type&&>(c);
                                            ^
conftest.cpp:27:5: warning: 'auto' type specifier is a C++11 extension [-Wc++11-extensions]
    auto d = a;
    ^
conftest.cpp:31:5: error: unknown type name 'constexpr'
    constexpr std::enable_if_t<true, int> type_traits_14(int) { return 14; }
    ^
conftest.cpp:31:20: error: no template named 'enable_if_t' in namespace 'std'; did you mean 'enable_if'?
    constexpr std::enable_if_t<true, int> type_traits_14(int) { return 14; }
              ~~~~~^~~~~~~~~~~
                   enable_if
/Applications/Xcode.app/Contents/Developer/Toolchains/XcodeDefault.xctoolchain/usr/bin/../include/c++/v1/type_traits:220:64: note: 'enable_if' declared here
template <bool, class _Tp = void> struct _LIBCPP_TYPE_VIS_ONLY enable_if {};
                                                               ^
conftest.cpp:31:20: error: template specialization requires 'template<>'
    constexpr std::enable_if_t<true, int> type_traits_14(int) { return 14; }
                   ^          ~~~~~~~~~~~
    template<> 
conftest.cpp:31:20: warning: variable templates are a C++1y extension [-Wc++1y-extensions]
conftest.cpp:31:20: error: no variable template matches specialization
conftest.cpp:31:31: error: expected ';' after top level declarator
    constexpr std::enable_if_t<true, int> type_traits_14(int) { return 14; }
                              ^
                              ;
4 warnings and 11 errors generated.
configure:3784: $? = 1
configure: failed program was:
| /* confdefs.h */
| #define PACKAGE_NAME "b2"
| #define PACKAGE_TARNAME "b2"
| #define PACKAGE_VERSION "2015.06.01.dev"
| #define PACKAGE_STRING "b2 2015.06.01.dev"
| #define PACKAGE_BUGREPORT "danielthebrake@gmail.com"
| #define PACKAGE_URL "http://github.com/bertiniteam/b2"
| #define PACKAGE "b2"
| #define VERSION "2015.06.01.dev"
| /* end confdefs.h.  */
| 
|   template <typename T>
|     struct check
|     {
|       static_assert(sizeof(int) <= sizeof(T), "not big enough");
|     };
| 
|     typedef check<check<bool>> right_angle_brackets;
| 
|     int a;
|     decltype(a) b;
| 
|     typedef check<int> check_type;
|     check_type c;
|     check_type&& cr = static_cast<check_type&&>(c);
| 
|     auto d = a;
| 
|     #include <type_traits>
| 
|     constexpr std::enable_if_t<true, int> type_traits_14(int) { return 14; }
|     static_assert(type_traits_14(0) == 14, "missing/broken enable_if_t");
| 
configure:3791: result: no
configure:3800: checking whether /usr/bin/g++ supports C++14 features with -std=gnu++14
configure:3833: /usr/bin/g++ -c -g -O2 -std=gnu++14  conftest.cpp >&5
error: invalid value 'gnu++14' in '-std=gnu++14'
configure:3833: $? = 1
configure: failed program was:
| /* confdefs.h */
| #define PACKAGE_NAME "b2"
| #define PACKAGE_TARNAME "b2"
| #define PACKAGE_VERSION "2015.06.01.dev"
| #define PACKAGE_STRING "b2 2015.06.01.dev"
| #define PACKAGE_BUGREPORT "danielthebrake@gmail.com"
| #define PACKAGE_URL "http://github.com/bertiniteam/b2"
| #define PACKAGE "b2"
| #define VERSION "2015.06.01.dev"
| /* end confdefs.h.  */
| 
|   template <typename T>
|     struct check
|     {
|       static_assert(sizeof(int) <= sizeof(T), "not big enough");
|     };
| 
|     typedef check<check<bool>> right_angle_brackets;
| 
|     int a;
|     decltype(a) b;
| 
|     typedef check<int> check_type;
|     check_type c;
|     check_type&& cr = static_cast<check_type&&>(c);
| 
|     auto d = a;
| 
|     #include <type_traits>
| 
|     constexpr std::enable_if_t<true, int> type_traits_14(int) { return 14; }
|     static_assert(type_traits_14(0) == 14, "missing/broken enable_if_t");
| 
configure:3842: result: no
configure:3800: checking whether /usr/bin/g++ supports C++14 features with -std=gnu++1y
configure:3833: /usr/bin/g++ -c -g -O2 -std=gnu++1y  conftest.cpp >&5
configure:3833: $? = 0
configure:3842: result: yes
configure:4001: checking whether ln -s works
configure:4005: result: yes
configure:4046: checking build system type
configure:4060: result: x86_64-apple-darwin13.4.0
configure:4080: checking host system type
configure:4093: result: x86_64-apple-darwin13.4.0
configure:4134: checking how to print strings
configure:4161: result: printf
configure:4230: checking for gcc
configure:4257: result: /usr/bin/gcc
configure:4486: checking for C compiler version
configure:4495: /usr/bin/gcc --version >&5
Apple LLVM version 6.0 (clang-600.0.56) (based on LLVM 3.5svn)
Target: x86_64-apple-darwin13.4.0
Thread model: posix
Configured with: --prefix=/Applications/Xcode.app/Contents/Developer/usr --with-gxx-include-dir=/usr/include/c++/4.2.1
configure:4506: $? = 0
configure:4495: /usr/bin/gcc -v >&5
Configured with: --prefix=/Applications/Xcode.app/Contents/Developer/usr --with-gxx-include-dir=/usr/include/c++/4.2.1
Apple LLVM version 6.0 (clang-600.0.56) (based on LLVM 3.5svn)
Target: x86_64-apple-darwin13.4.0
Thread model: posix
configure:4506: $? = 0
configure:4495: /usr/bin/gcc -V >&5
clang: error: argument to '-V' is missing (expected 1 value)
clang: error: no input files
configure:4506: $? = 1
configure:4495: /usr/bin/gcc -qversion >&5
clang: error: unknown argument: '-qversion'
clang: error: no input files
configure:4506: $? = 1
configure:4510: checking whether we are using the GNU C compiler
configure:4529: /usr/bin/gcc -c   conftest.c >&5
configure:4529: $? = 0
configure:4538: result: yes
configure:4547: checking whether /usr/bin/gcc accepts -g
configure:4567: /usr/bin/gcc -c -g  conftest.c >&5
configure:4567: $? = 0
configure:4608: result: yes
configure:4625: checking for /usr/bin/gcc option to accept ISO C89
configure:4688: /usr/bin/gcc  -c -g -O2  conftest.c >&5
configure:4688: $? = 0
configure:4701: result: none needed
configure:4726: checking whether /usr/bin/gcc understands -c and -o together
configure:4748: /usr/bin/gcc -c conftest.c -o conftest2.o
configure:4751: $? = 0
configure:4748: /usr/bin/gcc -c conftest.c -o conftest2.o
configure:4751: $? = 0
configure:4763: result: yes
configure:4782: checking dependency style of /usr/bin/gcc
configure:4893: result: gcc3
configure:4908: checking for a sed that does not truncate output
configure:4972: result: /usr/bin/sed
configure:4990: checking for grep that handles long lines and -e
configure:5048: result: /usr/bin/grep
configure:5053: checking for egrep
configure:5115: result: /usr/bin/grep -E
configure:5120: checking for fgrep
configure:5182: result: /usr/bin/grep -F
configure:5217: checking for ld used by /usr/bin/gcc
configure:5284: result: /Applications/Xcode.app/Contents/Developer/Toolchains/XcodeDefault.xctoolchain/usr/bin/ld
configure:5291: checking if the linker (/Applications/Xcode.app/Contents/Developer/Toolchains/XcodeDefault.xctoolchain/usr/bin/ld) is GNU ld
configure:5306: result: no
configure:5318: checking for BSD- or MS-compatible name lister (nm)
configure:5372: result: /usr/bin/nm
configure:5502: checking the name lister (/usr/bin/nm) interface
configure:5509: /usr/bin/g++ -c -g -O2 -std=gnu++1y  conftest.cpp >&5
configure:5512: /usr/bin/nm "conftest.o"
configure:5515: output
0000000000000248 S _some_variable
configure:5522: result: BSD nm
configure:5526: checking the maximum length of command line arguments
configure:5657: result: 196608
configure:5705: checking how to convert x86_64-apple-darwin13.4.0 file names to x86_64-apple-darwin13.4.0 format
configure:5745: result: func_convert_file_noop
configure:5752: checking how to convert x86_64-apple-darwin13.4.0 file names to toolchain format
configure:5772: result: func_convert_file_noop
configure:5779: checking for /Applications/Xcode.app/Contents/Developer/Toolchains/XcodeDefault.xctoolchain/usr/bin/ld option to reload object files
configure:5786: result: -r
configure:5860: checking for objdump
configure:5890: result: no
configure:5919: checking how to recognize dependent libraries
configure:6119: result: pass_all
configure:6204: checking for dlltool
configure:6234: result: no
configure:6264: checking how to associate runtime and link libraries
configure:6291: result: printf %s\n
configure:6351: checking for ar
configure:6367: found /usr/bin/ar
configure:6378: result: ar
configure:6415: checking for archiver @FILE support
configure:6432: /usr/bin/g++ -c -g -O2 -std=gnu++1y  conftest.cpp >&5
configure:6432: $? = 0
configure:6435: ar cru libconftest.a @conftest.lst >&5
ar: @conftest.lst: No such file or directory
configure:6438: $? = 1
configure:6458: result: no
configure:6516: checking for strip
configure:6532: found /usr/bin/strip
configure:6543: result: strip
configure:6615: checking for ranlib
configure:6631: found /usr/bin/ranlib
configure:6642: result: ranlib
configure:6744: checking command to parse /usr/bin/nm output from /usr/bin/gcc object
configure:6897: /usr/bin/g++ -c -g -O2 -std=gnu++1y  conftest.cpp >&5
configure:6900: $? = 0
configure:6904: /usr/bin/nm conftest.o \| sed -n -e 's/^.*[ ]\([BCDEGRST][BCDEGRST]*\)[ ][ ]*\([_A-Za-z][_A-Za-z0-9]*\)$/\1 \2 \2/p' | sed '/ __gnu_lto/d' \> conftest.nm
configure:6907: $? = 0
cannot find nm_test_var in conftest.nm
configure:6897: /usr/bin/g++ -c -g -O2 -std=gnu++1y  conftest.cpp >&5
configure:6900: $? = 0
configure:6904: /usr/bin/nm conftest.o \| sed -n -e 's/^.*[ ]\([BCDEGRST][BCDEGRST]*\)[ ][ ]*_\([_A-Za-z][_A-Za-z0-9]*\)$/\1 _\2 \2/p' | sed '/ __gnu_lto/d' \> conftest.nm
configure:6907: $? = 0
configure:6973: /usr/bin/g++ -o conftest -g -O2 -std=gnu++1y   conftest.cpp conftstm.o >&5
configure:6976: $? = 0
configure:7014: result: ok
configure:7061: checking for sysroot
configure:7091: result: no
configure:7098: checking for a working dd
configure:7136: result: /bin/dd
configure:7140: checking how to truncate binary pipes
configure:7155: result: /bin/dd bs=4096 count=1
configure:7485: checking for mt
configure:7515: result: no
configure:7535: checking if : is a manifest tool
configure:7541: : '-?'
configure:7549: result: no
configure:7605: checking for dsymutil
configure:7621: found /usr/bin/dsymutil
configure:7632: result: dsymutil
configure:7697: checking for nmedit
configure:7713: found /usr/bin/nmedit
configure:7724: result: nmedit
configure:7789: checking for lipo
configure:7805: found /usr/bin/lipo
configure:7816: result: lipo
configure:7881: checking for otool
configure:7897: found /usr/bin/otool
configure:7908: result: otool
configure:7973: checking for otool64
configure:8003: result: no
configure:8048: checking for -single_module linker flag
/usr/bin/gcc -g -O2  -o libconftest.dylib -dynamiclib -Wl,-single_module conftest.c
configure:8081: result: yes
configure:8084: checking for -exported_symbols_list linker flag
configure:8104: /usr/bin/g++ -o conftest -g -O2 -std=gnu++1y   -Wl,-exported_symbols_list,conftest.sym conftest.cpp  >&5
configure:8104: $? = 0
configure:8114: result: yes
configure:8117: checking for -force_load linker flag
/usr/bin/gcc -g -O2 -c -o conftest.o conftest.c
ar cru libconftest.a conftest.o
ranlib libconftest.a
/usr/bin/gcc -g -O2  -o conftest conftest.c -Wl,-force_load,./libconftest.a
configure:8149: result: yes
configure:8226: checking how to run the C preprocessor
configure:8257: /usr/bin/gcc -E  conftest.c
configure:8257: $? = 0
configure:8271: /usr/bin/gcc -E  conftest.c
conftest.c:11:10: fatal error: 'ac_nonexistent.h' file not found
#include <ac_nonexistent.h>
         ^
1 error generated.
configure:8271: $? = 1
configure: failed program was:
| /* confdefs.h */
| #define PACKAGE_NAME "b2"
| #define PACKAGE_TARNAME "b2"
| #define PACKAGE_VERSION "2015.06.01.dev"
| #define PACKAGE_STRING "b2 2015.06.01.dev"
| #define PACKAGE_BUGREPORT "danielthebrake@gmail.com"
| #define PACKAGE_URL "http://github.com/bertiniteam/b2"
| #define PACKAGE "b2"
| #define VERSION "2015.06.01.dev"
| /* end confdefs.h.  */
| #include <ac_nonexistent.h>
configure:8296: result: /usr/bin/gcc -E
configure:8316: /usr/bin/gcc -E  conftest.c
configure:8316: $? = 0
configure:8330: /usr/bin/gcc -E  conftest.c
conftest.c:11:10: fatal error: 'ac_nonexistent.h' file not found
#include <ac_nonexistent.h>
         ^
1 error generated.
configure:8330: $? = 1
configure: failed program was:
| /* confdefs.h */
| #define PACKAGE_NAME "b2"
| #define PACKAGE_TARNAME "b2"
| #define PACKAGE_VERSION "2015.06.01.dev"
| #define PACKAGE_STRING "b2 2015.06.01.dev"
| #define PACKAGE_BUGREPORT "danielthebrake@gmail.com"
| #define PACKAGE_URL "http://github.com/bertiniteam/b2"
| #define PACKAGE "b2"
| #define VERSION "2015.06.01.dev"
| /* end confdefs.h.  */
| #include <ac_nonexistent.h>
configure:8359: checking for ANSI C header files
configure:8379: /usr/bin/gcc -c -g -O2  conftest.c >&5
configure:8379: $? = 0
configure:8452: /usr/bin/gcc -o conftest -g -O2   conftest.c  >&5
configure:8452: $? = 0
configure:8452: ./conftest
configure:8452: $? = 0
configure:8463: result: yes
configure:8476: checking for sys/types.h
configure:8476: /usr/bin/gcc -c -g -O2  conftest.c >&5
configure:8476: $? = 0
configure:8476: result: yes
configure:8476: checking for sys/stat.h
configure:8476: /usr/bin/gcc -c -g -O2  conftest.c >&5
configure:8476: $? = 0
configure:8476: result: yes
configure:8476: checking for stdlib.h
configure:8476: /usr/bin/gcc -c -g -O2  conftest.c >&5
configure:8476: $? = 0
configure:8476: result: yes
configure:8476: checking for string.h
configure:8476: /usr/bin/gcc -c -g -O2  conftest.c >&5
configure:8476: $? = 0
configure:8476: result: yes
configure:8476: checking for memory.h
configure:8476: /usr/bin/gcc -c -g -O2  conftest.c >&5
configure:8476: $? = 0
configure:8476: result: yes
configure:8476: checking for strings.h
configure:8476: /usr/bin/gcc -c -g -O2  conftest.c >&5
configure:8476: $? = 0
configure:8476: result: yes
configure:8476: checking for inttypes.h
configure:8476: /usr/bin/gcc -c -g -O2  conftest.c >&5
configure:8476: $? = 0
configure:8476: result: yes
configure:8476: checking for stdint.h
configure:8476: /usr/bin/gcc -c -g -O2  conftest.c >&5
configure:8476: $? = 0
configure:8476: result: yes
configure:8476: checking for unistd.h
configure:8476: /usr/bin/gcc -c -g -O2  conftest.c >&5
configure:8476: $? = 0
configure:8476: result: yes
configure:8490: checking for dlfcn.h
configure:8490: /usr/bin/gcc -c -g -O2  conftest.c >&5
configure:8490: $? = 0
configure:8490: result: yes
configure:8696: checking for objdir
configure:8711: result: .libs
configure:8975: checking if /usr/bin/gcc supports -fno-rtti -fno-exceptions
configure:8993: /usr/bin/gcc -c -g -O2  -fno-rtti -fno-exceptions conftest.c >&5
configure:8997: $? = 0
configure:9010: result: yes
configure:9368: checking for /usr/bin/gcc option to produce PIC
configure:9375: result: -fno-common -DPIC
configure:9383: checking if /usr/bin/gcc PIC flag -fno-common -DPIC works
configure:9401: /usr/bin/gcc -c -g -O2  -fno-common -DPIC -DPIC conftest.c >&5
configure:9405: $? = 0
configure:9418: result: yes
configure:9447: checking if /usr/bin/gcc static flag -static works
configure:9475: result: no
configure:9490: checking if /usr/bin/gcc supports -c -o file.o
configure:9511: /usr/bin/gcc -c -g -O2  -o out/conftest2.o conftest.c >&5
configure:9515: $? = 0
configure:9537: result: yes
configure:9545: checking if /usr/bin/gcc supports -c -o file.o
configure:9592: result: yes
configure:9625: checking whether the /usr/bin/gcc linker (/Applications/Xcode.app/Contents/Developer/Toolchains/XcodeDefault.xctoolchain/usr/bin/ld) supports shared libraries
configure:10884: result: yes
configure:11124: checking dynamic linker characteristics
configure:11942: result: darwin13.4.0 dyld
configure:12064: checking how to hardcode library paths into programs
configure:12089: result: immediate
configure:12637: checking whether stripping libraries is possible
configure:12651: result: yes
configure:12677: checking if libtool supports shared libraries
configure:12679: result: yes
configure:12682: checking whether to build shared libraries
configure:12707: result: yes
configure:12710: checking whether to build static libraries
configure:12714: result: yes
configure:12737: checking how to run the C++ preprocessor
configure:12764: /usr/bin/g++ -E  conftest.cpp
configure:12764: $? = 0
configure:12778: /usr/bin/g++ -E  conftest.cpp
conftest.cpp:23:10: fatal error: 'ac_nonexistent.h' file not found
#include <ac_nonexistent.h>
         ^
1 error generated.
configure:12778: $? = 1
configure: failed program was:
| /* confdefs.h */
| #define PACKAGE_NAME "b2"
| #define PACKAGE_TARNAME "b2"
| #define PACKAGE_VERSION "2015.06.01.dev"
| #define PACKAGE_STRING "b2 2015.06.01.dev"
| #define PACKAGE_BUGREPORT "danielthebrake@gmail.com"
| #define PACKAGE_URL "http://github.com/bertiniteam/b2"
| #define PACKAGE "b2"
| #define VERSION "2015.06.01.dev"
| #define STDC_HEADERS 1
| #define HAVE_SYS_TYPES_H 1
| #define HAVE_SYS_STAT_H 1
| #define HAVE_STDLIB_H 1
| #define HAVE_STRING_H 1
| #define HAVE_MEMORY_H 1
| #define HAVE_STRINGS_H 1
| #define HAVE_INTTYPES_H 1
| #define HAVE_STDINT_H 1
| #define HAVE_UNISTD_H 1
| #define HAVE_DLFCN_H 1
| #define LT_OBJDIR ".libs/"
| /* end confdefs.h.  */
| #include <ac_nonexistent.h>
configure:12803: result: /usr/bin/g++ -E
configure:12823: /usr/bin/g++ -E  conftest.cpp
configure:12823: $? = 0
configure:12837: /usr/bin/g++ -E  conftest.cpp
conftest.cpp:23:10: fatal error: 'ac_nonexistent.h' file not found
#include <ac_nonexistent.h>
         ^
1 error generated.
configure:12837: $? = 1
configure: failed program was:
| /* confdefs.h */
| #define PACKAGE_NAME "b2"
| #define PACKAGE_TARNAME "b2"
| #define PACKAGE_VERSION "2015.06.01.dev"
| #define PACKAGE_STRING "b2 2015.06.01.dev"
| #define PACKAGE_BUGREPORT "danielthebrake@gmail.com"
| #define PACKAGE_URL "http://github.com/bertiniteam/b2"
| #define PACKAGE "b2"
| #define VERSION "2015.06.01.dev"
| #define STDC_HEADERS 1
| #define HAVE_SYS_TYPES_H 1
| #define HAVE_SYS_STAT_H 1
| #define HAVE_STDLIB_H 1
| #define HAVE_STRING_H 1
| #define HAVE_MEMORY_H 1
| #define HAVE_STRINGS_H 1
| #define HAVE_INTTYPES_H 1
| #define HAVE_STDINT_H 1
| #define HAVE_UNISTD_H 1
| #define HAVE_DLFCN_H 1
| #define LT_OBJDIR ".libs/"
| /* end confdefs.h.  */
| #include <ac_nonexistent.h>
configure:12999: checking for ld used by /usr/bin/g++
configure:13066: result: /Applications/Xcode.app/Contents/Developer/Toolchains/XcodeDefault.xctoolchain/usr/bin/ld
configure:13073: checking if the linker (/Applications/Xcode.app/Contents/Developer/Toolchains/XcodeDefault.xctoolchain/usr/bin/ld) is GNU ld
configure:13088: result: no
configure:13143: checking whether the /usr/bin/g++ linker (/Applications/Xcode.app/Contents/Developer/Toolchains/XcodeDefault.xctoolchain/usr/bin/ld) supports shared libraries
configure:14216: result: yes
configure:14252: /usr/bin/g++ -c -g -O2 -std=gnu++1y  conftest.cpp >&5
configure:14255: $? = 0
configure:14736: checking for /usr/bin/g++ option to produce PIC
configure:14743: result: -fno-common -DPIC
configure:14751: checking if /usr/bin/g++ PIC flag -fno-common -DPIC works
configure:14769: /usr/bin/g++ -c -g -O2 -std=gnu++1y  -fno-common -DPIC -DPIC conftest.cpp >&5
configure:14773: $? = 0
configure:14786: result: yes
configure:14809: checking if /usr/bin/g++ static flag -static works
configure:14837: result: no
configure:14849: checking if /usr/bin/g++ supports -c -o file.o
configure:14870: /usr/bin/g++ -c -g -O2 -std=gnu++1y  -o out/conftest2.o conftest.cpp >&5
configure:14874: $? = 0
configure:14896: result: yes
configure:14901: checking if /usr/bin/g++ supports -c -o file.o
configure:14948: result: yes
configure:14978: checking whether the /usr/bin/g++ linker (/Applications/Xcode.app/Contents/Developer/Toolchains/XcodeDefault.xctoolchain/usr/bin/ld) supports shared libraries
configure:15018: result: yes
configure:15159: checking dynamic linker characteristics
configure:15904: result: darwin13.4.0 dyld
configure:15969: checking how to hardcode library paths into programs
configure:15994: result: immediate
configure:16219: checking for mpicxx
configure:16237: found /usr/local/bin/mpicxx
configure:16249: result: /usr/local/bin/mpicxx
configure:16369: it appears you do not have mpi installed
configure:16380: checking for library containing mpfr_get_version
configure:16411: /usr/bin/g++ -o conftest -g -O2 -std=gnu++1y   conftest.cpp  >&5
Undefined symbols for architecture x86_64:
  "_mpfr_get_version", referenced from:
      _main in conftest-c40bc1.o
ld: symbol(s) not found for architecture x86_64
clang: error: linker command failed with exit code 1 (use -v to see invocation)
configure:16411: $? = 1
configure: failed program was:
| /* confdefs.h */
| #define PACKAGE_NAME "b2"
| #define PACKAGE_TARNAME "b2"
| #define PACKAGE_VERSION "2015.06.01.dev"
| #define PACKAGE_STRING "b2 2015.06.01.dev"
| #define PACKAGE_BUGREPORT "danielthebrake@gmail.com"
| #define PACKAGE_URL "http://github.com/bertiniteam/b2"
| #define PACKAGE "b2"
| #define VERSION "2015.06.01.dev"
| #define STDC_HEADERS 1
| #define HAVE_SYS_TYPES_H 1
| #define HAVE_SYS_STAT_H 1
| #define HAVE_STDLIB_H 1
| #define HAVE_STRING_H 1
| #define HAVE_MEMORY_H 1
| #define HAVE_STRINGS_H 1
| #define HAVE_INTTYPES_H 1
| #define HAVE_STDINT_H 1
| #define HAVE_UNISTD_H 1
| #define HAVE_DLFCN_H 1
| #define LT_OBJDIR ".libs/"
| /* end confdefs.h.  */
| 
| /* Override any GCC internal prototype to avoid an error.
|    Use char because int might match the return type of a GCC
|    builtin and then its argument prototype would still apply.  */
| #ifdef __cplusplus
| extern "C"
| #endif
| char mpfr_get_version ();
| int
| main ()
| {
| return mpfr_get_version ();
|   ;
|   return 0;
| }
configure:16411: /usr/bin/g++ -o conftest -g -O2 -std=gnu++1y   conftest.cpp -lmpfr   >&5
configure:16411: $? = 0
configure:16428: result: -lmpfr
configure:16442: checking for library containing __gmpz_init
configure:16473: /usr/bin/g++ -o conftest -g -O2 -std=gnu++1y   conftest.cpp -lmpfr  >&5
Undefined symbols for architecture x86_64:
  "___gmpz_init", referenced from:
      _main in conftest-f4f8af.o
ld: symbol(s) not found for architecture x86_64
clang: error: linker command failed with exit code 1 (use -v to see invocation)
configure:16473: $? = 1
configure: failed program was:
| /* confdefs.h */
| #define PACKAGE_NAME "b2"
| #define PACKAGE_TARNAME "b2"
| #define PACKAGE_VERSION "2015.06.01.dev"
| #define PACKAGE_STRING "b2 2015.06.01.dev"
| #define PACKAGE_BUGREPORT "danielthebrake@gmail.com"
| #define PACKAGE_URL "http://github.com/bertiniteam/b2"
| #define PACKAGE "b2"
| #define VERSION "2015.06.01.dev"
| #define STDC_HEADERS 1
| #define HAVE_SYS_TYPES_H 1
| #define HAVE_SYS_STAT_H 1
| #define HAVE_STDLIB_H 1
| #define HAVE_STRING_H 1
| #define HAVE_MEMORY_H 1
| #define HAVE_STRINGS_H 1
| #define HAVE_INTTYPES_H 1
| #define HAVE_STDINT_H 1
| #define HAVE_UNISTD_H 1
| #define HAVE_DLFCN_H 1
| #define LT_OBJDIR ".libs/"
| /* end confdefs.h.  */
| 
| /* Override any GCC internal prototype to avoid an error.
|    Use char because int might match the return type of a GCC
|    builtin and then its argument prototype would still apply.  */
| #ifdef __cplusplus
| extern "C"
| #endif
| char __gmpz_init ();
| int
| main ()
| {
| return __gmpz_init ();
|   ;
|   return 0;
| }
configure:16473: /usr/bin/g++ -o conftest -g -O2 -std=gnu++1y   conftest.cpp -lgmp  -lmpfr  >&5
configure:16473: $? = 0
configure:16490: result: -lgmp
configure:16505: checking for library containing cos
configure:16536: /usr/bin/g++ -o conftest -g -O2 -std=gnu++1y   conftest.cpp -lgmp -lmpfr  >&5
configure:16536: $? = 0
configure:16553: result: none required
configure:16576: checking eigen3/Eigen/Dense usability
configure:16576: /usr/bin/g++ -c -g -O2 -std=gnu++1y  conftest.cpp >&5
configure:16576: $? = 0
configure:16576: result: yes
configure:16576: checking eigen3/Eigen/Dense presence
configure:16576: /usr/bin/g++ -E  conftest.cpp
configure:16576: $? = 0
configure:16576: result: yes
configure:16576: checking for eigen3/Eigen/Dense
configure:16576: result: yes
configure:16644: checking for boostlib >= 1.55
configure:16727: /usr/bin/g++ -c -g -O2 -std=gnu++1y  -I/usr/local/include conftest.cpp >&5
configure:16727: $? = 0
configure:16729: result: yes
configure:16907: checking whether the Boost::System library is available
configure:16931: /usr/bin/g++ -c -g -O2 -std=gnu++1y  -I/usr/local/include conftest.cpp >&5
conftest.cpp:29:1: warning: expression result unused [-Wunused-value]
boost::system::system_category
^~~~~~~~~~~~~~~~~~~~~~~~~~~~~~
1 warning generated.
configure:16931: $? = 0
configure:16946: result: yes
configure:16961: checking for exit in -lboost_system
configure:16986: /usr/bin/g++ -o conftest -g -O2 -std=gnu++1y  -I/usr/local/include  -L/usr/local/lib conftest.cpp -lboost_system  -lgmp -lmpfr  >&5
configure:16986: $? = 0
configure:16996: result: yes
configure:17151: checking whether the Boost::Filesystem library is available
configure:17175: /usr/bin/g++ -c -g -O2 -std=gnu++1y  -I/usr/local/include conftest.cpp >&5
configure:17175: $? = 0
configure:17189: result: yes
configure:17200: checking for exit in -lboost_filesystem
configure:17225: /usr/bin/g++ -o conftest -g -O2 -std=gnu++1y  -I/usr/local/include  -L/usr/local/lib conftest.cpp -lboost_filesystem  -lgmp -lmpfr  -lboost_system >&5
configure:17225: $? = 0
configure:17235: result: yes
configure:17387: checking whether the Boost::Chrono library is available
configure:17411: /usr/bin/g++ -c -g -O2 -std=gnu++1y  -I/usr/local/include conftest.cpp >&5
configure:17411: $? = 0
configure:17426: result: yes
configure:17441: checking for exit in -lboost_chrono-mt
configure:17466: /usr/bin/g++ -o conftest -g -O2 -std=gnu++1y  -I/usr/local/include  -L/usr/local/lib conftest.cpp -lboost_chrono-mt  -lgmp -lmpfr  >&5
configure:17466: $? = 0
configure:17476: result: yes
configure:17627: checking whether the Boost::Regex library is available
configure:17650: /usr/bin/g++ -c -g -O2 -std=gnu++1y  -I/usr/local/include conftest.cpp >&5
conftest.cpp:33:15: warning: empty parentheses interpreted as a function declaration [-Wvexing-parse]
boost::regex r(); return 0;
              ^~
conftest.cpp:33:15: note: remove parentheses to declare a variable
boost::regex r(); return 0;
              ^~
1 warning generated.
configure:17650: $? = 0
configure:17664: result: yes
configure:17675: checking for exit in -lboost_regex-mt
configure:17700: /usr/bin/g++ -o conftest -g -O2 -std=gnu++1y  -I/usr/local/include  -L/usr/local/lib conftest.cpp -lboost_regex-mt  -lgmp -lmpfr  >&5
configure:17700: $? = 0
configure:17710: result: yes
configure:17854: checking whether the Boost::Timer library is available
configure:17877: /usr/bin/g++ -c -g -O2 -std=gnu++1y  -I/usr/local/include conftest.cpp >&5
conftest.cpp:34:15: warning: empty parentheses interpreted as a function declaration [-Wvexing-parse]
boost::timer r(); return 0;
              ^~
conftest.cpp:34:15: note: remove parentheses to declare a variable
boost::timer r(); return 0;
              ^~
1 warning generated.
configure:17877: $? = 0
configure:17891: result: yes
configure:17902: checking for exit in -lboost_timer-mt
configure:17927: /usr/bin/g++ -o conftest -g -O2 -std=gnu++1y  -I/usr/local/include  -L/usr/local/lib conftest.cpp -lboost_timer-mt  -lgmp -lmpfr  >&5
configure:17927: $? = 0
configure:17937: result: yes
configure:18081: checking whether the Boost::Unit_Test_Framework library is available
configure:18104: /usr/bin/g++ -c -g -O2 -std=gnu++1y  -I/usr/local/include conftest.cpp >&5
configure:18104: $? = 0
configure:18118: result: yes
configure:18253: WARNING: BOOST_CPPFLAGS -I/usr/local/include
configure:18261: checking whether the Boost::Serialization library is available
configure:18289: /usr/bin/g++ -c -g -O2 -std=gnu++1y  -I/usr/local/include conftest.cpp >&5
configure:18289: $? = 0
configure:18303: result: yes
configure:18314: checking for exit in -lboost_serialization-mt
configure:18339: /usr/bin/g++ -o conftest -g -O2 -std=gnu++1y  -I/usr/local/include  -L/usr/local/lib conftest.cpp -lboost_serialization-mt  -lgmp -lmpfr  >&5
configure:18339: $? = 0
configure:18349: result: yes
configure:18582: checking that generated files are newer than configure
configure:18588: result: done
configure:18615: creating ./config.status

## ---------------------- ##
## Running config.status. ##
## ---------------------- ##

This file was extended by b2 config.status 2015.06.01.dev, which was
generated by GNU Autoconf 2.69.  Invocation command line was

  CONFIG_FILES    = 
  CONFIG_HEADERS  = 
  CONFIG_LINKS    = 
  CONFIG_COMMANDS = 
  $ ./config.status 

on WT104931.local

config.status:1166: creating Makefile
config.status:1166: creating config.h
config.status:1347: config.h is unchanged
config.status:1395: executing depfiles commands
config.status:1395: executing libtool commands

## ---------------- ##
## Cache variables. ##
## ---------------- ##

ac_cv_build=x86_64-apple-darwin13.4.0
ac_cv_c_compiler_gnu=yes
ac_cv_cxx_compiler_gnu=yes
ac_cv_env_CCC_set=
ac_cv_env_CCC_value=
ac_cv_env_CC_set=set
ac_cv_env_CC_value=/usr/bin/gcc
ac_cv_env_CFLAGS_set=
ac_cv_env_CFLAGS_value=
ac_cv_env_CPPFLAGS_set=
ac_cv_env_CPPFLAGS_value=
ac_cv_env_CPP_set=
ac_cv_env_CPP_value=
ac_cv_env_CXXCPP_set=
ac_cv_env_CXXCPP_value=
ac_cv_env_CXXFLAGS_set=
ac_cv_env_CXXFLAGS_value=
ac_cv_env_CXX_set=set
ac_cv_env_CXX_value=/usr/bin/g++
ac_cv_env_LDFLAGS_set=
ac_cv_env_LDFLAGS_value=
ac_cv_env_LIBS_set=
ac_cv_env_LIBS_value=
ac_cv_env_LT_SYS_LIBRARY_PATH_set=
ac_cv_env_LT_SYS_LIBRARY_PATH_value=
ac_cv_env_build_alias_set=
ac_cv_env_build_alias_value=
ac_cv_env_host_alias_set=
ac_cv_env_host_alias_value=
ac_cv_env_target_alias_set=
ac_cv_env_target_alias_value=
ac_cv_header_dlfcn_h=yes
ac_cv_header_eigen3_Eigen_Dense=yes
ac_cv_header_inttypes_h=yes
ac_cv_header_memory_h=yes
ac_cv_header_stdc=yes
ac_cv_header_stdint_h=yes
ac_cv_header_stdlib_h=yes
ac_cv_header_string_h=yes
ac_cv_header_strings_h=yes
ac_cv_header_sys_stat_h=yes
ac_cv_header_sys_types_h=yes
ac_cv_header_unistd_h=yes
ac_cv_host=x86_64-apple-darwin13.4.0
ac_cv_lib_boost_chrono_mt___exit=yes
ac_cv_lib_boost_filesystem___exit=yes
ac_cv_lib_boost_regex_mt___exit=yes
ac_cv_lib_boost_serialization_mt___exit=yes
ac_cv_lib_boost_system___exit=yes
ac_cv_lib_boost_timer_mt___exit=yes
ac_cv_objext=o
ac_cv_path_EGREP='/usr/bin/grep -E'
ac_cv_path_FGREP='/usr/bin/grep -F'
ac_cv_path_GREP=/usr/bin/grep
ac_cv_path_MPICXX=/usr/local/bin/mpicxx
ac_cv_path_SED=/usr/bin/sed
ac_cv_path_install='/usr/bin/install -c'
ac_cv_path_lt_DD=/bin/dd
ac_cv_prog_AWK=awk
ac_cv_prog_CPP='/usr/bin/gcc -E'
ac_cv_prog_CXXCPP='/usr/bin/g++ -E'
ac_cv_prog_ac_ct_AR=ar
ac_cv_prog_ac_ct_CC=/usr/bin/gcc
ac_cv_prog_ac_ct_DSYMUTIL=dsymutil
ac_cv_prog_ac_ct_LIPO=lipo
ac_cv_prog_ac_ct_NMEDIT=nmedit
ac_cv_prog_ac_ct_OTOOL=otool
ac_cv_prog_ac_ct_RANLIB=ranlib
ac_cv_prog_ac_ct_STRIP=strip
ac_cv_prog_cc_c89=
ac_cv_prog_cc_g=yes
ac_cv_prog_cxx_g=yes
ac_cv_prog_make_make_set=yes
ac_cv_search___gmpz_init=-lgmp
ac_cv_search_cos='none required'
ac_cv_search_mpfr_get_version=-lmpfr
am_cv_CC_dependencies_compiler_type=gcc3
am_cv_CXX_dependencies_compiler_type=gcc3
am_cv_make_support_nested_variables=yes
am_cv_prog_cc_c_o=yes
ax_cv_boost_chrono=yes
ax_cv_boost_filesystem=yes
ax_cv_boost_regex=yes
ax_cv_boost_serialization=yes
ax_cv_boost_system=yes
ax_cv_boost_timer=yes
ax_cv_boost_unit_test_framework=yes
ax_cv_cxx_compile_cxx14=no
ax_cv_cxx_compile_cxx14__std_gnupp14=no
ax_cv_cxx_compile_cxx14__std_gnupp1y=yes
lt_cv_apple_cc_single_mod=yes
lt_cv_ar_at_file=no
lt_cv_deplibs_check_method=pass_all
lt_cv_file_magic_cmd='$MAGIC_CMD'
lt_cv_file_magic_test_file=
lt_cv_ld_exported_symbols_list=yes
lt_cv_ld_force_load=yes
lt_cv_ld_reload_flag=-r
lt_cv_nm_interface='BSD nm'
lt_cv_objdir=.libs
lt_cv_path_LD=/Applications/Xcode.app/Contents/Developer/Toolchains/XcodeDefault.xctoolchain/usr/bin/ld
lt_cv_path_LDCXX=/Applications/Xcode.app/Contents/Developer/Toolchains/XcodeDefault.xctoolchain/usr/bin/ld
lt_cv_path_NM=/usr/bin/nm
lt_cv_path_mainfest_tool=no
lt_cv_prog_compiler_c_o=yes
lt_cv_prog_compiler_c_o_CXX=yes
lt_cv_prog_compiler_pic='-fno-common -DPIC'
lt_cv_prog_compiler_pic_CXX='-fno-common -DPIC'
lt_cv_prog_compiler_pic_works=yes
lt_cv_prog_compiler_pic_works_CXX=yes
lt_cv_prog_compiler_rtti_exceptions=yes
lt_cv_prog_compiler_static_works=no
lt_cv_prog_compiler_static_works_CXX=no
lt_cv_prog_gnu_ld=no
lt_cv_prog_gnu_ldcxx=no
lt_cv_sharedlib_from_linklib_cmd='printf %s\n'
lt_cv_sys_global_symbol_pipe='sed -n -e '\''s/^.*[	 ]\([BCDEGRST][BCDEGRST]*\)[	 ][	 ]*_\([_A-Za-z][_A-Za-z0-9]*\)$/\1 _\2 \2/p'\'' | sed '\''/ __gnu_lto/d'\'''
lt_cv_sys_global_symbol_to_c_name_address='sed -n -e '\''s/^: \(.*\) .*$/  {"\1", (void *) 0},/p'\'' -e '\''s/^[BCDEGRST][BCDEGRST]* .* \(.*\)$/  {"\1", (void *) \&\1},/p'\'''
lt_cv_sys_global_symbol_to_c_name_address_lib_prefix='sed -n -e '\''s/^: \(.*\) .*$/  {"\1", (void *) 0},/p'\'' -e '\''s/^[BCDEGRST][BCDEGRST]* .* \(lib.*\)$/  {"\1", (void *) \&\1},/p'\'' -e '\''s/^[BCDEGRST][BCDEGRST]* .* \(.*\)$/  {"lib\1", (void *) \&\1},/p'\'''
lt_cv_sys_global_symbol_to_cdecl='sed -n -e '\''s/^T .* \(.*\)$/extern int \1();/p'\'' -e '\''s/^[BCDEGRST][BCDEGRST]* .* \(.*\)$/extern char \1;/p'\'''
lt_cv_sys_global_symbol_to_import=
lt_cv_sys_max_cmd_len=196608
lt_cv_to_host_file_cmd=func_convert_file_noop
lt_cv_to_tool_file_cmd=func_convert_file_noop
lt_cv_truncate_bin='/bin/dd bs=4096 count=1'

## ----------------- ##
## Output variables. ##
## ----------------- ##

ACLOCAL='${SHELL} /Users/jcollins/Documents/West_Texas/Research/Bertini/b2_JebFork/core/config/missing aclocal-1.15'
AMDEPBACKSLASH='\'
AMDEP_FALSE='#'
AMDEP_TRUE=''
AMTAR='$${TAR-tar}'
AM_BACKSLASH='\'
AM_DEFAULT_V='$(AM_DEFAULT_VERBOSITY)'
AM_DEFAULT_VERBOSITY='1'
AM_V='$(V)'
AR='ar'
AUTOCONF='${SHELL} /Users/jcollins/Documents/West_Texas/Research/Bertini/b2_JebFork/core/config/missing autoconf'
AUTOHEADER='${SHELL} /Users/jcollins/Documents/West_Texas/Research/Bertini/b2_JebFork/core/config/missing autoheader'
AUTOMAKE='${SHELL} /Users/jcollins/Documents/West_Texas/Research/Bertini/b2_JebFork/core/config/missing automake-1.15'
AWK='awk'
BOOST_CHRONO_LIB='-lboost_chrono-mt'
BOOST_CPPFLAGS='-I/usr/local/include'
BOOST_FILESYSTEM_LIB='-lboost_filesystem'
BOOST_LDFLAGS='-L/usr/local/lib'
BOOST_REGEX_LIB='-lboost_regex-mt'
BOOST_SERIALIZATION_LIB='-lboost_serialization-mt'
BOOST_SYSTEM_LIB='-lboost_system'
BOOST_TIMER_LIB='-lboost_timer-mt'
BOOST_UNIT_TEST_FRAMEWORK_LIB='-lboost_unit_test_framework-mt'
CC='/usr/bin/gcc'
CCDEPMODE='depmode=gcc3'
CFLAGS='-g -O2'
CPP='/usr/bin/gcc -E'
CPPFLAGS=''
CXX='/usr/bin/g++'
CXXCPP='/usr/bin/g++ -E'
CXXDEPMODE='depmode=gcc3'
CXXFLAGS='-g -O2 -std=gnu++1y'
CYGPATH_W='echo'
DEFS='-DHAVE_CONFIG_H'
DEPDIR='.deps'
DLLTOOL='false'
DSYMUTIL='dsymutil'
DUMPBIN=''
ECHO_C='\c'
ECHO_N=''
ECHO_T=''
EGREP='/usr/bin/grep -E'
EXEEXT=''
FGREP='/usr/bin/grep -F'
GREP='/usr/bin/grep'
HAVE_CXX14=''
INSTALL_DATA='${INSTALL} -m 644'
INSTALL_PROGRAM='${INSTALL}'
INSTALL_SCRIPT='${INSTALL}'
INSTALL_STRIP_PROGRAM='$(install_sh) -c -s'
LD='/Applications/Xcode.app/Contents/Developer/Toolchains/XcodeDefault.xctoolchain/usr/bin/ld'
LDFLAGS=''
LIBOBJS=''
LIBS='-lgmp -lmpfr '
LIBTOOL='$(SHELL) $(top_builddir)/libtool'
LIPO='lipo'
LN_S='ln -s'
LTLIBOBJS=''
LT_SYS_LIBRARY_PATH=''
MAKEINFO='${SHELL} /Users/jcollins/Documents/West_Texas/Research/Bertini/b2_JebFork/core/config/missing makeinfo'
MANIFEST_TOOL=':'
MKDIR_P='config/install-sh -c -d'
MPICXX='/usr/local/bin/mpicxx'
MPI_CXXFLAGS=''
MPI_CXXLDFLAGS=''
NM='/usr/bin/nm'
NMEDIT='nmedit'
OBJDUMP='false'
OBJEXT='o'
OTOOL64=':'
OTOOL='otool'
PACKAGE='b2'
PACKAGE_BUGREPORT='danielthebrake@gmail.com'
PACKAGE_NAME='b2'
PACKAGE_STRING='b2 2015.06.01.dev'
PACKAGE_TARNAME='b2'
PACKAGE_URL='http://github.com/bertiniteam/b2'
PACKAGE_VERSION='2015.06.01.dev'
PATH_SEPARATOR=':'
RANLIB='ranlib'
SED='/usr/bin/sed'
SET_MAKE=''
SHELL='/bin/sh'
STRIP='strip'
VERSION='2015.06.01.dev'
ac_ct_AR='ar'
ac_ct_CC='/usr/bin/gcc'
ac_ct_CXX=''
ac_ct_DUMPBIN=''
am__EXEEXT_FALSE=''
am__EXEEXT_TRUE='#'
am__fastdepCC_FALSE='#'
am__fastdepCC_TRUE=''
am__fastdepCXX_FALSE='#'
am__fastdepCXX_TRUE=''
am__include='include'
am__isrc=''
am__leading_dot='.'
am__nodep='_no'
am__quote=''
am__tar='$${TAR-tar} chof - "$$tardir"'
am__untar='$${TAR-tar} xf -'
bindir='${exec_prefix}/bin'
build='x86_64-apple-darwin13.4.0'
build_alias=''
build_cpu='x86_64'
build_os='darwin13.4.0'
build_vendor='apple'
datadir='${datarootdir}'
datarootdir='${prefix}/share'
docdir='${datarootdir}/doc/${PACKAGE_TARNAME}'
dvidir='${docdir}'
exec_prefix='${prefix}'
host='x86_64-apple-darwin13.4.0'
host_alias=''
host_cpu='x86_64'
host_os='darwin13.4.0'
host_vendor='apple'
htmldir='${docdir}'
includedir='${prefix}/include'
infodir='${datarootdir}/info'
install_sh='${SHELL} /Users/jcollins/Documents/West_Texas/Research/Bertini/b2_JebFork/core/config/install-sh'
libdir='${exec_prefix}/lib'
libexecdir='${exec_prefix}/libexec'
localedir='${datarootdir}/locale'
localstatedir='${prefix}/var'
mandir='${datarootdir}/man'
mkdir_p='$(MKDIR_P)'
oldincludedir='/usr/include'
pdfdir='${docdir}'
prefix='/usr/local'
program_transform_name='s,x,x,'
psdir='${docdir}'
sbindir='${exec_prefix}/sbin'
sharedstatedir='${prefix}/com'
sysconfdir='${prefix}/etc'
target_alias=''

## ----------- ##
## confdefs.h. ##
## ----------- ##

/* confdefs.h */
#define PACKAGE_NAME "b2"
#define PACKAGE_TARNAME "b2"
#define PACKAGE_VERSION "2015.06.01.dev"
#define PACKAGE_STRING "b2 2015.06.01.dev"
#define PACKAGE_BUGREPORT "danielthebrake@gmail.com"
#define PACKAGE_URL "http://github.com/bertiniteam/b2"
#define PACKAGE "b2"
#define VERSION "2015.06.01.dev"
#define STDC_HEADERS 1
#define HAVE_SYS_TYPES_H 1
#define HAVE_SYS_STAT_H 1
#define HAVE_STDLIB_H 1
#define HAVE_STRING_H 1
#define HAVE_MEMORY_H 1
#define HAVE_STRINGS_H 1
#define HAVE_INTTYPES_H 1
#define HAVE_STDINT_H 1
#define HAVE_UNISTD_H 1
#define HAVE_DLFCN_H 1
#define LT_OBJDIR ".libs/"
#define HAVE_EIGEN3_EIGEN_DENSE 1
#define HAVE_BOOST /**/
#define HAVE_BOOST_SYSTEM /**/
#define HAVE_BOOST_FILESYSTEM /**/
#define HAVE_BOOST_CHRONO /**/
#define HAVE_BOOST_REGEX /**/
#define HAVE_BOOST_TIMER /**/
#define HAVE_BOOST_UNIT_TEST_FRAMEWORK /**/
#define HAVE_BOOST_SERIALIZATION /**/

configure: exit 0

## ---------------------- ##
## Running config.status. ##
## ---------------------- ##

This file was extended by b2 config.status 2015.06.01.dev, which was
generated by GNU Autoconf 2.69.  Invocation command line was

  CONFIG_FILES    = 
  CONFIG_HEADERS  = 
  CONFIG_LINKS    = 
  CONFIG_COMMANDS = 
  $ ./config.status Makefile depfiles

on WT104931.local

config.status:1166: creating Makefile
config.status:1395: executing depfiles commands
